#
# A fatal error has been detected by the Java Runtime Environment:
#
#  SIGSEGV (0xb) at pc=0x00007fd9bb8233fc, pid=10685, tid=12522
#
# JRE version: OpenJDK Runtime Environment Zulu18.32+11-CA (18.0.2+9) (build 18.0.2+9)
# Java VM: OpenJDK 64-Bit Server VM Zulu18.32+11-CA (18.0.2+9, mixed mode, sharing, tiered, compressed oops, compressed class ptrs, g1 gc, linux-amd64)
# Problematic frame:
# C  [libc.so.6+0x453fc]
#
# Core dump will be written. Default location: Core dumps may be processed with "/lib/systemd/systemd-coredump %P %u %g %s %t 9223372036854775808 %h %d" (or dumping to /home/dian/Pekerjaan/Khanza Develop/SIMRS-Khanza-master09062025/core.10685)
#
# If you would like to submit a bug report, please visit:
#   http://www.azul.com/support/
# The crash happened outside the Java Virtual Machine in native code.
# See problematic frame for where to report the bug.
#

---------------  S U M M A R Y ------------

Command Line: -Dfile.encoding=UTF-8 simrskhanza.SIMRSKhanza

Host: AMD Ryzen 5 6600H with Radeon Graphics, 12 cores, 14G, Linux Mint 21.3 Virginia
Time: Fri Aug  1 19:55:14 2025 WIB elapsed time: 2720.893677 seconds (0d 0h 45m 20s)

---------------  T H R E A D  ---------------

Current thread (0x00007fd898002390):  JavaThread "XToolkt-Shutdown-Thread" [_thread_in_native, id=12522, stack(0x00007fd8d04e7000,0x00007fd8d05e7000)]

Stack: [0x00007fd8d04e7000,0x00007fd8d05e7000],  sp=0x00007fd8d05e4d20,  free space=1015k
Native frames: (J=compiled Java code, j=interpreted, Vv=VM code, C=native code)
C  [libc.so.6+0x453fc]

Java frames: (J=compiled Java code, j=interpreted, Vv=VM code)
j  sun.awt.X11.XlibWrapper.InternAtom(JLjava/lang/String;I)J+0 java.desktop@18.0.2
j  sun.awt.X11.XAtom.<init>(JLjava/lang/String;Z)V+31 java.desktop@18.0.2
j  sun.awt.X11.XAtom.<init>(JLjava/lang/String;)V+4 java.desktop@18.0.2
J 2746 c1 sun.awt.X11.XAtom.get(Ljava/lang/String;)Lsun/awt/X11/XAtom; java.desktop@18.0.2 (23 bytes) @ 0x00007fd99de6b014 [0x00007fd99de6ac80+0x0000000000000394]
j  sun.awt.X11.XSystemTrayPeer.<clinit>()V+10 java.desktop@18.0.2
v  ~StubRoutines::call_stub
j  sun.awt.X11.XToolkit.lambda$init$1()V+0 java.desktop@18.0.2
j  sun.awt.X11.XToolkit$$Lambda$11+0x0000000800c74628.run()V+4 java.desktop@18.0.2
j  java.lang.Thread.run()V+11 java.base@18.0.2
v  ~StubRoutines::call_stub

siginfo: si_signo: 11 (SIGSEGV), si_code: 128 (SI_KERNEL), si_addr: 0x0000000000000000

Register to memory mapping:

RAX=0x00007fd8cc07791f points into unknown readable memory: 00
RBX=0x0 is NULL
RCX=0x0000000000000004 is an unknown value
RDX=0x000ffb1980ef23e0 is an unknown value
RSP=0x00007fd8d05e4d20 is pointing into the stack for thread: 0x00007fd898002390
RBP=0x0000000000000001 is an unknown value
RSI=0x00007fd8cbfa30f8: <offset 0x0000000006f950f8> in /lib/x86_64-linux-gnu/libLLVM-15.so.1 at 0x00007fd8c500e000
RDI=0x00007fd8cbfa30a8: <offset 0x0000000006f950a8> in /lib/x86_64-linux-gnu/libLLVM-15.so.1 at 0x00007fd8c500e000
R8 =0x00007fd8cc0912a0 points into unknown readable memory: 0x00007fdf318e2fc1 | c1 2f 8e 31 df 7f 00 00
R9 =0x0 is NULL
R10=0x00007fd90865a360: <offset 0x0000000000010360> in /lib/x86_64-linux-gnu/libstdc++.so.6 at 0x00007fd90864a000
R11=0x4fc4b7a028b1aa55 is an unknown value
R12=0x00007fd9bb9f8838: <offset 0x000000000021a838> in /lib/x86_64-linux-gnu/libc.so.6 at 0x00007fd9bb7de000
R13=0x00007fd8cbfa3058: <offset 0x0000000006f95058> in /lib/x86_64-linux-gnu/libLLVM-15.so.1 at 0x00007fd8c500e000
R14=0x00007fd9bb9f9ee8: <offset 0x000000000021bee8> in /lib/x86_64-linux-gnu/libc.so.6 at 0x00007fd9bb7de000
R15=0x00007fd8cc07e920 points into unknown readable memory: 0x00007fd8cc07f450 | 50 f4 07 cc d8 7f 00 00


Registers:
RAX=0x00007fd8cc07791f, RBX=0x0000000000000000, RCX=0x0000000000000004, RDX=0x000ffb1980ef23e0
RSP=0x00007fd8d05e4d20, RBP=0x0000000000000001, RSI=0x00007fd8cbfa30f8, RDI=0x00007fd8cbfa30a8
R8 =0x00007fd8cc0912a0, R9 =0x0000000000000000, R10=0x00007fd90865a360, R11=0x4fc4b7a028b1aa55
R12=0x00007fd9bb9f8838, R13=0x00007fd8cbfa3058, R14=0x00007fd9bb9f9ee8, R15=0x00007fd8cc07e920
RIP=0x00007fd9bb8233fc, EFLAGS=0x0000000000010212, CSGSFS=0x002b000000000033, ERR=0x0000000000000000
  TRAPNO=0x000000000000000d

Top of Stack: (sp=0x00007fd8d05e4d20)
0x00007fd8d05e4d20:   0000000000000000 0000000000000000
0x00007fd8d05e4d30:   0000000400000000 0000000100000000
0x00007fd8d05e4d40:   0000000000000018 00007fd985595ed0
0x00007fd8d05e4d50:   00007fd9b4ba7350 0000000000000000 

Instructions: (pc=0x00007fd9bb8233fc)
0x00007fd9bb8232fc:   75 22 48 c7 03 00 00 00 00 31 c0 87 05 bb 6b 1d
0x00007fd9bb82330c:   00 83 f8 01 7f 26 31 c0 5b c3 66 2e 0f 1f 84 00
0x00007fd9bb82331c:   00 00 00 00 e8 4b 30 fe ff 48 c7 05 88 6b 1d 00
0x00007fd9bb82332c:   00 00 00 00 eb cc 66 0f 1f 44 00 00 48 8d 3d 89
0x00007fd9bb82333c:   6b 1d 00 e8 bc bf 04 00 31 c0 5b c3 0f 1f 84 00
0x00007fd9bb82334c:   00 00 00 00 48 8d 3d 71 6b 1d 00 e8 d4 be 04 00
0x00007fd9bb82335c:   eb 88 66 90 f3 0f 1e fa 48 8b 05 15 4b 1d 00 8b
0x00007fd9bb82336c:   00 85 c0 75 0f e9 fa f7 ff ff 66 2e 0f 1f 84 00
0x00007fd9bb82337c:   00 00 00 00 31 c0 c3 66 2e 0f 1f 84 00 00 00 00
0x00007fd9bb82338c:   00 0f 1f 00 f3 0f 1e fa 41 57 41 56 41 55 41 54
0x00007fd9bb82339c:   49 89 f4 55 89 fd 53 48 83 ec 28 89 54 24 1c 84
0x00007fd9bb8233ac:   c9 0f 85 11 02 00 00 4c 8d 35 2e 6b 1d 00 31 c0
0x00007fd9bb8233bc:   ba 01 00 00 00 f0 41 0f b1 16 0f 85 02 02 00 00
0x00007fd9bb8233cc:   31 db 4d 8b 3c 24 4d 85 ff 0f 84 35 01 00 00 0f
0x00007fd9bb8233dc:   1f 44 00 00 49 8b 47 08 48 85 c0 0f 84 13 01 00
0x00007fd9bb8233ec:   00 48 83 e8 01 48 89 c2 49 89 47 08 48 c1 e2 05
0x00007fd9bb8233fc:   49 8b 4c 17 10 48 83 f9 03 0f 84 ad 00 00 00 48
0x00007fd9bb82340c:   83 f9 04 74 4f 48 83 f9 02 75 cd 4c 01 fa 48 8b
0x00007fd9bb82341c:   42 18 48 8b 72 20 89 da 48 c1 c8 11 64 48 33 04
0x00007fd9bb82342c:   25 30 00 00 00 41 87 16 83 fa 01 0f 8f 1b 01 00
0x00007fd9bb82343c:   00 89 ef ff d0 ba 01 00 00 00 89 d8 f0 41 0f b1
0x00007fd9bb82344c:   16 74 91 4c 89 f7 e8 d9 bd 04 00 eb 87 0f 1f 80
0x00007fd9bb82345c:   00 00 00 00 4c 01 fa 48 8b 42 18 4c 8b 6a 20 48
0x00007fd9bb82346c:   c7 42 10 00 00 00 00 89 da 48 c1 c8 11 64 48 33
0x00007fd9bb82347c:   04 25 30 00 00 00 41 87 16 83 fa 01 0f 8f 12 01
0x00007fd9bb82348c:   00 00 89 ee 4c 89 ef ff d0 ba 01 00 00 00 89 d8
0x00007fd9bb82349c:   f0 41 0f b1 16 0f 84 39 ff ff ff 4c 89 f7 e8 81
0x00007fd9bb8234ac:   bd 04 00 e9 2c ff ff ff 0f 1f 40 00 49 8b 44 17
0x00007fd9bb8234bc:   18 89 da 48 c1 c8 11 64 48 33 04 25 30 00 00 00
0x00007fd9bb8234cc:   41 87 16 83 fa 01 0f 8f a8 00 00 00 ff d0 ba 01
0x00007fd9bb8234dc:   00 00 00 89 d8 f0 41 0f b1 16 0f 84 f4 fe ff ff
0x00007fd9bb8234ec:   4c 89 f7 e8 3c bd 04 00 e9 e7 fe ff ff 0f 1f 80 


Stack slot to memory mapping:
stack at sp + 0 slots: 0x0 is NULL
stack at sp + 1 slots: 0x0 is NULL
stack at sp + 2 slots: 0x0000000400000000 is an unknown value
stack at sp + 3 slots: 0x0000000100000000 is an unknown value
stack at sp + 4 slots: 0x0000000000000018 is an unknown value
stack at sp + 5 slots: 0x00007fd985595ed0: _XDefaultIOErrorExit+0x0000000000000000 in /lib/x86_64-linux-gnu/libX11.so.6 at 0x00007fd985558000
stack at sp + 6 slots: 0x00007fd9b4ba7350 points into unknown readable memory: 0x0000000000000000 | 00 00 00 00 00 00 00 00
stack at sp + 7 slots: 0x0 is NULL


Compiled method (c1) 2720901 2746       3       sun.awt.X11.XAtom::get (23 bytes)
 total in heap  [0x00007fd99de6aa90,0x00007fd99de6b3b0] = 2336
 relocation     [0x00007fd99de6abf0,0x00007fd99de6ac68] = 120
 main code      [0x00007fd99de6ac80,0x00007fd99de6b180] = 1280
 stub code      [0x00007fd99de6b180,0x00007fd99de6b1d0] = 80
 oops           [0x00007fd99de6b1d0,0x00007fd99de6b1d8] = 8
 metadata       [0x00007fd99de6b1d8,0x00007fd99de6b1f0] = 24
 scopes data    [0x00007fd99de6b1f0,0x00007fd99de6b288] = 152
 scopes pcs     [0x00007fd99de6b288,0x00007fd99de6b348] = 192
 dependencies   [0x00007fd99de6b348,0x00007fd99de6b350] = 8
 handler table  [0x00007fd99de6b350,0x00007fd99de6b398] = 72
 nul chk table  [0x00007fd99de6b398,0x00007fd99de6b3b0] = 24

[Constant Pool (empty)]

[MachCode]
[Verified Entry Point]
  # {method} {0x00007fd97c282ca0} 'get' '(Ljava/lang/String;)Lsun/awt/X11/XAtom;' in 'sun/awt/X11/XAtom'
  # parm0:    rsi:rsi   = 'java/lang/String'
  #           [sp+0x90]  (sp of caller)
  0x00007fd99de6ac80: 8984 2400 | c0fe ff55 | 4881 ec80 